<?xml version="1.0" encoding="UTF-8"?>
<testng-results skipped="0" failed="0" ignored="0" total="4" passed="4">
  <reporter-output>
  </reporter-output>
  <suite name="search-module" duration-ms="35192" started-at="2021-03-09T10:40:45Z" finished-at="2021-03-09T10:41:20Z">
    <groups>
    </groups>
    <test name="search-test-java" duration-ms="7649" started-at="2021-03-09T10:40:45Z" finished-at="2021-03-09T10:40:52Z">
      <class name="com.searchmodule.tests.SearchTest">
        <test-method status="PASS" signature="setupDriver()[pri:0, instance:com.searchmodule.tests.SearchTest@45c8e616]" name="setupDriver" is-config="true" duration-ms="957" started-at="2021-03-09T10:40:45Z" finished-at="2021-03-09T10:40:46Z">
          <reporter-output>
          </reporter-output>
        </test-method> <!-- setupDriver -->
        <test-method status="PASS" signature="search(java.lang.String)[pri:0, instance:com.searchmodule.tests.SearchTest@45c8e616]" name="search" duration-ms="6550" started-at="2021-03-09T10:40:46Z" finished-at="2021-03-09T10:40:52Z">
          <params>
            <param index="0">
              <value>
                <![CDATA[java]]>
              </value>
            </param>
          </params>
          <reporter-output>
          </reporter-output>
        </test-method> <!-- search -->
        <test-method status="PASS" signature="quitDriver()[pri:0, instance:com.searchmodule.tests.SearchTest@45c8e616]" name="quitDriver" is-config="true" duration-ms="119" started-at="2021-03-09T10:40:52Z" finished-at="2021-03-09T10:40:52Z">
          <reporter-output>
          </reporter-output>
        </test-method> <!-- quitDriver -->
      </class> <!-- com.searchmodule.tests.SearchTest -->
    </test> <!-- search-test-java -->
    <test name="search-test-qa" duration-ms="8055" started-at="2021-03-09T10:40:52Z" finished-at="2021-03-09T10:41:00Z">
      <class name="com.searchmodule.tests.SearchTest">
        <test-method status="PASS" signature="setupDriver()[pri:0, instance:com.searchmodule.tests.SearchTest@49e4cb85]" name="setupDriver" is-config="true" duration-ms="414" started-at="2021-03-09T10:40:52Z" finished-at="2021-03-09T10:40:53Z">
          <reporter-output>
          </reporter-output>
        </test-method> <!-- setupDriver -->
        <test-method status="PASS" signature="search(java.lang.String)[pri:0, instance:com.searchmodule.tests.SearchTest@49e4cb85]" name="search" duration-ms="7580" started-at="2021-03-09T10:40:53Z" finished-at="2021-03-09T10:41:00Z">
          <params>
            <param index="0">
              <value>
                <![CDATA[qa]]>
              </value>
            </param>
          </params>
          <reporter-output>
          </reporter-output>
        </test-method> <!-- search -->
        <test-method status="PASS" signature="quitDriver()[pri:0, instance:com.searchmodule.tests.SearchTest@49e4cb85]" name="quitDriver" is-config="true" duration-ms="59" started-at="2021-03-09T10:41:00Z" finished-at="2021-03-09T10:41:00Z">
          <reporter-output>
          </reporter-output>
        </test-method> <!-- quitDriver -->
      </class> <!-- com.searchmodule.tests.SearchTest -->
    </test> <!-- search-test-qa -->
    <test name="search-test-webdriver" duration-ms="8962" started-at="2021-03-09T10:41:01Z" finished-at="2021-03-09T10:41:09Z">
      <class name="com.searchmodule.tests.SearchTest">
        <test-method status="PASS" signature="setupDriver()[pri:0, instance:com.searchmodule.tests.SearchTest@3b6eb2ec]" name="setupDriver" is-config="true" duration-ms="410" started-at="2021-03-09T10:41:01Z" finished-at="2021-03-09T10:41:01Z">
          <reporter-output>
          </reporter-output>
        </test-method> <!-- setupDriver -->
        <test-method status="PASS" signature="search(java.lang.String)[pri:0, instance:com.searchmodule.tests.SearchTest@3b6eb2ec]" name="search" duration-ms="8338" started-at="2021-03-09T10:41:01Z" finished-at="2021-03-09T10:41:09Z">
          <params>
            <param index="0">
              <value>
                <![CDATA[webdriver]]>
              </value>
            </param>
          </params>
          <reporter-output>
          </reporter-output>
        </test-method> <!-- search -->
        <test-method status="PASS" signature="quitDriver()[pri:0, instance:com.searchmodule.tests.SearchTest@3b6eb2ec]" name="quitDriver" is-config="true" duration-ms="213" started-at="2021-03-09T10:41:09Z" finished-at="2021-03-09T10:41:09Z">
          <reporter-output>
          </reporter-output>
        </test-method> <!-- quitDriver -->
      </class> <!-- com.searchmodule.tests.SearchTest -->
    </test> <!-- search-test-webdriver -->
    <test name="search-test-protractor" duration-ms="10401" started-at="2021-03-09T10:41:10Z" finished-at="2021-03-09T10:41:20Z">
      <class name="com.searchmodule.tests.SearchTest">
        <test-method status="PASS" signature="setupDriver()[pri:0, instance:com.searchmodule.tests.SearchTest@880ec60]" name="setupDriver" is-config="true" duration-ms="666" started-at="2021-03-09T10:41:10Z" finished-at="2021-03-09T10:41:10Z">
          <reporter-output>
          </reporter-output>
        </test-method> <!-- setupDriver -->
        <test-method status="PASS" signature="search(java.lang.String)[pri:0, instance:com.searchmodule.tests.SearchTest@880ec60]" name="search" duration-ms="9273" started-at="2021-03-09T10:41:10Z" finished-at="2021-03-09T10:41:19Z">
          <params>
            <param index="0">
              <value>
                <![CDATA[protractor]]>
              </value>
            </param>
          </params>
          <reporter-output>
          </reporter-output>
        </test-method> <!-- search -->
        <test-method status="PASS" signature="quitDriver()[pri:0, instance:com.searchmodule.tests.SearchTest@880ec60]" name="quitDriver" is-config="true" duration-ms="462" started-at="2021-03-09T10:41:19Z" finished-at="2021-03-09T10:41:20Z">
          <reporter-output>
          </reporter-output>
        </test-method> <!-- quitDriver -->
      </class> <!-- com.searchmodule.tests.SearchTest -->
    </test> <!-- search-test-protractor -->
  </suite> <!-- search-module -->
</testng-results>
